d:\uit\semester-1-2021\game\mario\mario\mario\debug\vc141.pdb
d:\uit\semester-1-2021\game\mario\mario\mario\debug\vc141.idb
d:\uit\semester-1-2021\game\mario\mario\mario\debug\texture.obj
d:\uit\semester-1-2021\game\mario\mario\mario\debug\sprite.obj
d:\uit\semester-1-2021\game\mario\mario\mario\debug\mario.obj
d:\uit\semester-1-2021\game\mario\mario\mario\debug\main.obj
d:\uit\semester-1-2021\game\mario\mario\mario\debug\goomba.obj
d:\uit\semester-1-2021\game\mario\mario\mario\debug\gameobject.obj
d:\uit\semester-1-2021\game\mario\mario\mario\debug\game.obj
d:\uit\semester-1-2021\game\mario\mario\mario\debug\utils.obj
d:\uit\semester-1-2021\game\mario\mario\mario\debug\scene.obj
d:\uit\semester-1-2021\game\mario\mario\mario\debug\playscene.obj
d:\uit\semester-1-2021\game\mario\mario\mario\debug\koopa.obj
d:\uit\semester-1-2021\game\mario\mario\mario\debug\ground.obj
d:\uit\semester-1-2021\game\mario\mario\mario\debug\firemario.obj
d:\uit\semester-1-2021\game\mario\mario\mario\debug\brick.obj
d:\uit\semester-1-2021\game\mario\mario\mario\debug\box.obj
d:\uit\semester-1-2021\game\mario\mario\mario\debug\background.obj
d:\uit\semester-1-2021\game\mario\mario\mario\debug\animation.obj
d:\uit\semester-1-2021\game\mario\mario\mario\debug\hud.obj
d:\uit\semester-1-2021\game\mario\mario\debug\mario.exe
d:\uit\semester-1-2021\game\mario\mario\debug\mario.ilk
d:\uit\semester-1-2021\game\mario\mario\debug\mario.pdb
d:\uit\semester-1-2021\game\mario\mario\mario\debug\boxs.obj
d:\uit\semester-1-2021\game\mario\mario\mario\debug\debug.obj
d:\uit\semester-1-2021\game\mario\mario\mario\debug\keyboard.obj
d:\uit\semester-1-2021\game\mario\mario\mario\debug\keyevent.obj
d:\uit\semester-1-2021\game\mario\mario\mario\debug\mario.tlog\cl.command.1.tlog
d:\uit\semester-1-2021\game\mario\mario\mario\debug\mario.tlog\cl.read.1.tlog
d:\uit\semester-1-2021\game\mario\mario\mario\debug\mario.tlog\cl.write.1.tlog
d:\uit\semester-1-2021\game\mario\mario\mario\debug\mario.tlog\link.command.1.tlog
d:\uit\semester-1-2021\game\mario\mario\mario\debug\mario.tlog\link.read.1.tlog
d:\uit\semester-1-2021\game\mario\mario\mario\debug\mario.tlog\link.write.1.tlog
